<?xml version="1.0" encoding="UTF-8"?>
<testng-results ignored="0" total="1" passed="1" failed="0" skipped="0">
  <reporter-output>
  </reporter-output>
  <suite started-at="2024-05-01T13:06:45 IST" name="Suite" finished-at="2024-05-01T13:06:50 IST" duration-ms="4991">
    <groups>
    </groups>
    <test started-at="2024-05-01T13:06:45 IST" name="Test" finished-at="2024-05-01T13:06:50 IST" duration-ms="4991">
      <class name="jenkins.firstproject">
        <test-method signature="test()[pri:0, instance:jenkins.firstproject@5e600dd5]" started-at="2024-05-01T13:06:45 IST" name="test" finished-at="2024-05-01T13:06:50 IST" duration-ms="4944" status="PASS">
          <reporter-output>
          </reporter-output>
        </test-method> <!-- test -->
      </class> <!-- jenkins.firstproject -->
    </test> <!-- Test -->
  </suite> <!-- Suite -->
</testng-results>
